SERVER RUNNING ON PORT 3001
User connected: 0U0MGPrSPe0CH5X6AAAB
Login request: { username: 'hi', password: 'hi' }
User with ID: 0U0MGPrSPe0CH5X6AAAB joined room: 1763755172783
User with ID: 0U0MGPrSPe0CH5X6AAAB joined room: 1763755172783
User with ID: 0U0MGPrSPe0CH5X6AAAB joined room: group-1767007219935
User with ID: 0U0MGPrSPe0CH5X6AAAB joined room: group-1767356454570
User with ID: 0U0MGPrSPe0CH5X6AAAB joined room: group-1767358229017
User with ID: 0U0MGPrSPe0CH5X6AAAB joined room: group-1767007219935
User with ID: 0U0MGPrSPe0CH5X6AAAB joined room: group-1767356454570
User with ID: 0U0MGPrSPe0CH5X6AAAB joined room: group-1767358229017
User connected: 9eoETm4ucWE8DqbbAAAD
User with ID: 9eoETm4ucWE8DqbbAAAD joined room: 1763755172783
User with ID: 9eoETm4ucWE8DqbbAAAD joined room: group-1767007219935
User with ID: 9eoETm4ucWE8DqbbAAAD joined room: group-1767356454570
User with ID: 9eoETm4ucWE8DqbbAAAD joined room: group-1767358229017
User with ID: 9eoETm4ucWE8DqbbAAAD joined room: 1763755172783-1766839968356
User with ID: 9eoETm4ucWE8DqbbAAAD joined room: 1763755172783
User with ID: 9eoETm4ucWE8DqbbAAAD joined room: 1763755172783-1766839968356
User with ID: 9eoETm4ucWE8DqbbAAAD joined room: 1763755172783-1766839968356
User with ID: 9eoETm4ucWE8DqbbAAAD joined room: group-1767007219935
User with ID: 9eoETm4ucWE8DqbbAAAD joined room: group-1767356454570
User with ID: 9eoETm4ucWE8DqbbAAAD joined room: group-1767358229017
User with ID: 9eoETm4ucWE8DqbbAAAD joined room: 1763755172783-1766839968356
User with ID: 9eoETm4ucWE8DqbbAAAD joined room: 1763755172783-1766839968356
User connected: J2VYZT7HvJwphnFLAAAF
Login request: { username: 'edward', password: 'edward' }
User with ID: J2VYZT7HvJwphnFLAAAF joined room: 1766839968356
User with ID: J2VYZT7HvJwphnFLAAAF joined room: 1766839968356
User with ID: J2VYZT7HvJwphnFLAAAF joined room: group-1767007219935
User with ID: J2VYZT7HvJwphnFLAAAF joined room: group-1767356454570
User with ID: J2VYZT7HvJwphnFLAAAF joined room: group-1767007219935
User with ID: J2VYZT7HvJwphnFLAAAF joined room: group-1767356454570
User with ID: J2VYZT7HvJwphnFLAAAF joined room: 1763755172783-1766839968356
User with ID: J2VYZT7HvJwphnFLAAAF joined room: 1766839968356
User with ID: J2VYZT7HvJwphnFLAAAF joined room: 1763755172783-1766839968356
User with ID: J2VYZT7HvJwphnFLAAAF joined room: 1763755172783-1766839968356
User with ID: J2VYZT7HvJwphnFLAAAF joined room: group-1767007219935
User with ID: J2VYZT7HvJwphnFLAAAF joined room: group-1767356454570
User with ID: 9eoETm4ucWE8DqbbAAAD joined room: 1763755172783-1766839968356
